<?xml version="1.0" encoding="UTF-8"?>
<testsuites name="Smoke Tests" time="12.58" tests="1" failures="0" errors="0">
   <testsuite name="Smoke Tests" tests="1" failures="0" errors="0" time="12.58" skipped="0" timestamp="27-02-2025T15:24:59" hostname="deniz - macbook-pro.lan" id="Test Suites/Smoke Tests">
      <properties>
         <property name="deviceName" value=""/>
         <property name="devicePlatform"/>
         <property name="logFolder" value="/Users/deniz/git/KatalonAutomationProject/Reports/20250227_152457/Smoke Tests/20250227_152458"/>
         <property name="logFiles" value="/Users/deniz/git/KatalonAutomationProject/Reports/20250227_152457/Smoke Tests/20250227_152458/execution0.log"/>
         <property name="attachments" value=""/>
         <property name="hostName" value="deniz - macbook-pro.lan"/>
         <property name="os" value="Mac OS X 64bit"/>
         <property name="katalonVersion" value="10.1.0.223"/>
         <property name="browser" value="Chrome 133.0.6943.141"/>
         <property name="hostAddress" value="192.168.0.176"/>
         <property name="sessionId" value="8323743bbc2a127e7d25d220f0088fd2"/>
         <property name="seleniumVersion" value="4.22.0"/>
         <property name="proxyInformation" value="ProxyInformation { proxyOption=NO_PROXY, proxyServerType=HTTP, username=, password=********, proxyServerAddress=, proxyServerPort=0, executionList=&quot;&quot;, isApplyToDesiredCapabilities=true }"/>
         <property name="platform" value="Mac OS X"/>
      </properties>
      <testcase name="Test Cases/LoginTest" time="12.504" classname="Test Cases/LoginTest" status="PASSED">
         <system-out><![CDATA[27-02-2025T15:24:59 - [TEST_CASE][PASSED] - Test Cases/LoginTest: Test Cases/LoginTest

27-02-2025T15:24:59 - [TEST_STEP][PASSED] - Start listener action : sampleBeforeTestCase: opened page: https://www.automationexercise.com/

27-02-2025T15:24:59 - [TEST_STEP][PASSED] - openBrowser(""): Browser is opened with url: ''

27-02-2025T15:24:59 - [MESSAGE][INFO] - Starting 'Chrome' driver

27-02-2025T15:24:59 - [MESSAGE][INFO] - Action delay is set to 0 milliseconds

27-02-2025T15:25:01 - [MESSAGE][PASSED] - Browser is opened with url: ''

27-02-2025T15:25:01 - [TEST_STEP][PASSED] - maximizeWindow(): Current window maximized

27-02-2025T15:25:01 - [MESSAGE][PASSED] - Current window maximized

27-02-2025T15:25:01 - [TEST_STEP][PASSED] - navigateToUrl(siteURL): Navigate to 'https://www.automationexercise.com/' successfully

27-02-2025T15:25:04 - [MESSAGE][PASSED] - Navigate to 'https://www.automationexercise.com/' successfully

27-02-2025T15:25:04 - [TEST_STEP][PASSED] - comment("opened page: " + siteURL): opened page: https://www.automationexercise.com/

27-02-2025T15:25:04 - [MESSAGE][INFO] - opened page: https://www.automationexercise.com/

27-02-2025T15:25:04 - [TEST_STEP][PASSED] - openBrowser(""): Browser is opened with url: ''

27-02-2025T15:25:04 - [MESSAGE][WARNING] - A browser is already opened. Closing browser and opening a new one

27-02-2025T15:25:04 - [MESSAGE][INFO] - Starting 'Chrome' driver

27-02-2025T15:25:04 - [MESSAGE][INFO] - Action delay is set to 0 milliseconds

27-02-2025T15:25:05 - [MESSAGE][PASSED] - Browser is opened with url: ''

27-02-2025T15:25:05 - [TEST_STEP][PASSED] - navigateToUrl("https://www.automationexercise.com/"): Navigate to 'https://www.automationexercise.com/' successfully

27-02-2025T15:25:07 - [MESSAGE][PASSED] - Navigate to 'https://www.automationexercise.com/' successfully

27-02-2025T15:25:07 - [TEST_STEP][PASSED] - click(findTestObject("Object Repository/Page_Automation Exercise/p_Consent")): Object: 'Object Repository/Page_Automation Exercise/p_Consent' is clicked on

27-02-2025T15:25:07 - [MESSAGE][PASSED] - Object: 'Object Repository/Page_Automation Exercise/p_Consent' is clicked on

27-02-2025T15:25:07 - [TEST_STEP][PASSED] - click(findTestObject("Object Repository/Page_Automation Exercise/a_Signup  Login")): Object: 'Object Repository/Page_Automation Exercise/a_Signup  Login' is clicked on

27-02-2025T15:25:10 - [MESSAGE][PASSED] - Object: 'Object Repository/Page_Automation Exercise/a_Signup  Login' is clicked on

27-02-2025T15:25:10 - [TEST_STEP][PASSED] - setText(findTestObject("Object Repository/Page_Automation Exercise - Signup  Login/input_Login to your account_email"), "denz"): Text 'denz' is set on object 'Object Repository/Page_Automation Exercise - Signup  Login/input_Login to your account_email'

27-02-2025T15:25:11 - [MESSAGE][PASSED] - Text 'denz' is set on object 'Object Repository/Page_Automation Exercise - Signup  Login/input_Login to your account_email'

27-02-2025T15:25:11 - [TEST_STEP][PASSED] - setEncryptedText(findTestObject("Object Repository/Page_Automation Exercise - Signup  Login/input_Login to your account_password"), "tzH6RvlfSTg="): Text ****** has been set on object 'Object Repository/Page_Automation Exercise - Signup  Login/input_Login to your account_password'

27-02-2025T15:25:11 - [MESSAGE][PASSED] - Text ****** has been set on object 'Object Repository/Page_Automation Exercise - Signup  Login/input_Login to your account_password'

27-02-2025T15:25:11 - [TEST_STEP][PASSED] - click(findTestObject("Object Repository/Page_Automation Exercise - Signup  Login/button_Login")): Object: 'Object Repository/Page_Automation Exercise - Signup  Login/button_Login' is clicked on

27-02-2025T15:25:12 - [MESSAGE][PASSED] - Object: 'Object Repository/Page_Automation Exercise - Signup  Login/button_Login' is clicked on

27-02-2025T15:25:12 - [TEST_STEP][PASSED] - closeBrowser(): Browser is closed

27-02-2025T15:25:12 - [MESSAGE][PASSED] - Browser is closed

27-02-2025T15:25:12 - [TEST_STEP][PASSED] - Start listener action : sampleAfterTestCase: Browser is closed

27-02-2025T15:25:12 - [TEST_STEP][PASSED] - closeBrowser(): Browser is closed

27-02-2025T15:25:12 - [MESSAGE][PASSED] - Browser is closed]]></system-out>
         <system-err><![CDATA[]]></system-err>
      </testcase>
      <system-out><![CDATA[27-02-2025T15:24:59 - [TEST_SUITE][PASSED] - Smoke Tests: Test Cases/LoginTest]]></system-out>
      <system-err><![CDATA[]]></system-err>
   </testsuite>
</testsuites>
