<?xml version="1.0" encoding="UTF-8"?>
<testsuites name="E2E Tests" time="17.407" tests="1" failures="0" errors="0">
   <testsuite name="E2E Tests" tests="1" failures="0" errors="0" time="17.407" skipped="0" timestamp="27-02-2025T14:18:21" hostname="deniz - macbook-pro.lan" id="Test Suites/E2E Tests">
      <properties>
         <property name="deviceName" value=""/>
         <property name="devicePlatform"/>
         <property name="logFolder" value="/Users/deniz/git/KatalonAutomationProject/Reports/20250227_141818/E2E Tests/20250227_141819"/>
         <property name="logFiles" value="/Users/deniz/git/KatalonAutomationProject/Reports/20250227_141818/E2E Tests/20250227_141819/execution0.log"/>
         <property name="attachments" value=""/>
         <property name="hostName" value="deniz - macbook-pro.lan"/>
         <property name="os" value="Mac OS X 64bit"/>
         <property name="katalonVersion" value="10.1.0.223"/>
         <property name="browser" value="Chrome 133.0.6943.141"/>
         <property name="hostAddress" value="192.168.0.176"/>
         <property name="sessionId" value="027d7f86c3943f651a411599452428ab"/>
         <property name="seleniumVersion" value="4.22.0"/>
         <property name="proxyInformation" value="ProxyInformation { proxyOption=NO_PROXY, proxyServerType=HTTP, username=, password=********, proxyServerAddress=, proxyServerPort=0, executionList=&quot;&quot;, isApplyToDesiredCapabilities=true }"/>
         <property name="platform" value="Mac OS X"/>
      </properties>
      <testcase name="Test Cases/productsTest" time="17.318" classname="Test Cases/productsTest" status="PASSED">
         <system-out><![CDATA[27-02-2025T14:18:21 - [TEST_CASE][PASSED] - Test Cases/productsTest: Test Cases/productsTest

27-02-2025T14:18:21 - [TEST_STEP][PASSED] - Start listener action : sampleBeforeTestCase: opened page: https://www.automationexercise.com/

27-02-2025T14:18:21 - [TEST_STEP][PASSED] - openBrowser(""): Browser is opened with url: ''

27-02-2025T14:18:21 - [MESSAGE][INFO] - Starting 'Chrome' driver

27-02-2025T14:18:21 - [MESSAGE][INFO] - Action delay is set to 0 milliseconds

27-02-2025T14:18:23 - [MESSAGE][PASSED] - Browser is opened with url: ''

27-02-2025T14:18:23 - [TEST_STEP][PASSED] - maximizeWindow(): Current window maximized

27-02-2025T14:18:23 - [MESSAGE][PASSED] - Current window maximized

27-02-2025T14:18:23 - [TEST_STEP][PASSED] - navigateToUrl(siteURL): Navigate to 'https://www.automationexercise.com/' successfully

27-02-2025T14:18:25 - [MESSAGE][PASSED] - Navigate to 'https://www.automationexercise.com/' successfully

27-02-2025T14:18:25 - [TEST_STEP][PASSED] - comment("opened page: " + siteURL): opened page: https://www.automationexercise.com/

27-02-2025T14:18:25 - [MESSAGE][INFO] - opened page: https://www.automationexercise.com/

27-02-2025T14:18:25 - [TEST_STEP][PASSED] - openBrowser(""): Browser is opened with url: ''

27-02-2025T14:18:25 - [MESSAGE][WARNING] - A browser is already opened. Closing browser and opening a new one

27-02-2025T14:18:25 - [MESSAGE][INFO] - Starting 'Chrome' driver

27-02-2025T14:18:25 - [MESSAGE][INFO] - Action delay is set to 0 milliseconds

27-02-2025T14:18:26 - [MESSAGE][PASSED] - Browser is opened with url: ''

27-02-2025T14:18:26 - [TEST_STEP][PASSED] - maximizeWindow(): Current window maximized

27-02-2025T14:18:26 - [MESSAGE][PASSED] - Current window maximized

27-02-2025T14:18:26 - [TEST_STEP][PASSED] - openBrowser(""): Browser is opened with url: ''

27-02-2025T14:18:26 - [MESSAGE][WARNING] - A browser is already opened. Closing browser and opening a new one

27-02-2025T14:18:26 - [MESSAGE][INFO] - Starting 'Chrome' driver

27-02-2025T14:18:26 - [MESSAGE][INFO] - Action delay is set to 0 milliseconds

27-02-2025T14:18:27 - [MESSAGE][PASSED] - Browser is opened with url: ''

27-02-2025T14:18:27 - [TEST_STEP][PASSED] - navigateToUrl(siteURL): Navigate to 'https://www.automationexercise.com/' successfully

27-02-2025T14:18:31 - [MESSAGE][PASSED] - Navigate to 'https://www.automationexercise.com/' successfully

27-02-2025T14:18:31 - [TEST_STEP][PASSED] - comment("opened page: " + siteURL): opened page: https://www.automationexercise.com/

27-02-2025T14:18:31 - [MESSAGE][INFO] - opened page: https://www.automationexercise.com/

27-02-2025T14:18:31 - [TEST_STEP][PASSED] - waitForElementClickable(findTestObject("Object Repository/Page_Automation Exercise/p_Consent"), 10): Object 'Object Repository/Page_Automation Exercise/p_Consent' is clickable

27-02-2025T14:18:31 - [MESSAGE][PASSED] - Object 'Object Repository/Page_Automation Exercise/p_Consent' is clickable

27-02-2025T14:18:31 - [TEST_STEP][PASSED] - click(findTestObject("Object Repository/Page_Automation Exercise/p_Consent")): Object: 'Object Repository/Page_Automation Exercise/p_Consent' is clicked on

27-02-2025T14:18:31 - [MESSAGE][PASSED] - Object: 'Object Repository/Page_Automation Exercise/p_Consent' is clicked on

27-02-2025T14:18:31 - [TEST_STEP][PASSED] - waitForElementClickable(findTestObject("Object Repository/Page_Automation Exercise/a_Products"), 10): Object 'Object Repository/Page_Automation Exercise/a_Products' is clickable

27-02-2025T14:18:32 - [MESSAGE][PASSED] - Object 'Object Repository/Page_Automation Exercise/a_Products' is clickable

27-02-2025T14:18:32 - [TEST_STEP][PASSED] - click(findTestObject("Object Repository/Page_Automation Exercise/a_Products")): Object: 'Object Repository/Page_Automation Exercise/a_Products' is clicked on

27-02-2025T14:18:34 - [MESSAGE][PASSED] - Object: 'Object Repository/Page_Automation Exercise/a_Products' is clicked on

27-02-2025T14:18:34 - [TEST_STEP][PASSED] - scrollToElement(findTestObject("Page_Automation Exercise - HM Products/a_View Product"), 10): Scroll to object 'Object Repository/Page_Automation Exercise - HM Products/a_View Product' successfully

27-02-2025T14:18:35 - [MESSAGE][PASSED] - Scroll to object 'Object Repository/Page_Automation Exercise - HM Products/a_View Product' successfully

27-02-2025T14:18:35 - [TEST_STEP][PASSED] - click(findTestObject("Object Repository/Page_Automation Exercise - HM Products/a_View Product")): Object: 'Object Repository/Page_Automation Exercise - HM Products/a_View Product' is clicked on

27-02-2025T14:18:36 - [MESSAGE][PASSED] - Object: 'Object Repository/Page_Automation Exercise - HM Products/a_View Product' is clicked on

27-02-2025T14:18:36 - [TEST_STEP][PASSED] - waitForElementVisible(findTestObject("Object Repository/Page_Automation Exercise - Product Details/input_Quantity_quantity"), 10): Object 'Object Repository/Page_Automation Exercise - Product Details/input_Quantity_quantity' is visible

27-02-2025T14:18:37 - [MESSAGE][PASSED] - Object 'Object Repository/Page_Automation Exercise - Product Details/input_Quantity_quantity' is visible

27-02-2025T14:18:37 - [TEST_STEP][PASSED] - setText(findTestObject("Object Repository/Page_Automation Exercise - Product Details/input_Quantity_quantity"), "2"): Text '2' is set on object 'Object Repository/Page_Automation Exercise - Product Details/input_Quantity_quantity'

27-02-2025T14:18:37 - [MESSAGE][PASSED] - Text '2' is set on object 'Object Repository/Page_Automation Exercise - Product Details/input_Quantity_quantity'

27-02-2025T14:18:37 - [TEST_STEP][PASSED] - click(findTestObject("Object Repository/Page_Automation Exercise - Product Details/button_Add to cart")): Object: 'Object Repository/Page_Automation Exercise - Product Details/button_Add to cart' is clicked on

27-02-2025T14:18:37 - [MESSAGE][PASSED] - Object: 'Object Repository/Page_Automation Exercise - Product Details/button_Add to cart' is clicked on

27-02-2025T14:18:37 - [TEST_STEP][PASSED] - waitForElementClickable(findTestObject("Object Repository/Page_Automation Exercise - Product Details/button_Continue Shopping"), 10): Object 'Object Repository/Page_Automation Exercise - Product Details/button_Continue Shopping' is clickable

27-02-2025T14:18:38 - [MESSAGE][PASSED] - Object 'Object Repository/Page_Automation Exercise - Product Details/button_Continue Shopping' is clickable

27-02-2025T14:18:38 - [TEST_STEP][PASSED] - click(findTestObject("Object Repository/Page_Automation Exercise - Product Details/button_Continue Shopping")): Object: 'Object Repository/Page_Automation Exercise - Product Details/button_Continue Shopping' is clicked on

27-02-2025T14:18:38 - [MESSAGE][PASSED] - Object: 'Object Repository/Page_Automation Exercise - Product Details/button_Continue Shopping' is clicked on

27-02-2025T14:18:38 - [TEST_STEP][PASSED] - comment("✅ Test Passed!"): ✅ Test Passed!

27-02-2025T14:18:38 - [MESSAGE][INFO] - ✅ Test Passed!

27-02-2025T14:18:38 - [TEST_STEP][PASSED] - closeBrowser(): Browser is closed

27-02-2025T14:18:38 - [MESSAGE][PASSED] - Browser is closed

27-02-2025T14:18:38 - [TEST_STEP][PASSED] - Start listener action : sampleAfterTestCase: Browser is closed

27-02-2025T14:18:38 - [TEST_STEP][PASSED] - closeBrowser(): Browser is closed

27-02-2025T14:18:38 - [MESSAGE][PASSED] - Browser is closed]]></system-out>
         <system-err><![CDATA[]]></system-err>
      </testcase>
      <system-out><![CDATA[27-02-2025T14:18:21 - [TEST_SUITE][PASSED] - E2E Tests: Test Cases/productsTest]]></system-out>
      <system-err><![CDATA[]]></system-err>
   </testsuite>
</testsuites>
